Arguments: 
  /usr/local/bin/node /usr/local/bin/yarn install

PATH: 
  /usr/local/bin:/usr/bin:/bin:/usr/sbin:/sbin:/Library/Apple/usr/bin

Yarn version: 
  1.22.4

Node version: 
  10.16.0

Platform: 
  darwin x64

Trace: 
  Error: http://192.168.102.232:6060/repository/npm-public/D: ETIMEDOUT
      at Timeout._onTimeout (/usr/local/lib/node_modules/yarn/lib/cli.js:141408:19)
      at ontimeout (timers.js:436:11)
      at tryOnTimeout (timers.js:300:5)
      at listOnTimeout (timers.js:263:5)
      at Timer.processTimers (timers.js:223:10)

npm manifest: 
  {
    "name": "h5-delete",
    "version": "0.1.0",
    "private": true,
    "scripts": {
      "serve": "vue-cli-service serve",
      "build": "vue-cli-service build",
      "lint": "vue-cli-service lint"
    },
    "dependencies": {
      "D": "^1.0.0",
      "core-js": "^3.6.4",
      "lib-flexible": "^0.3.2",
      "vant": "^2.6.2",
      "vue": "^2.6.11",
      "vue-router": "^3.1.6",
      "xlsx2json": "^1.0.0"
    },
    "devDependencies": {
      "@vue/cli-plugin-babel": "~4.3.0",
      "@vue/cli-plugin-eslint": "~4.3.0",
      "@vue/cli-service": "~4.3.0",
      "add-asset-html-webpack-plugin": "^3.1.3",
      "babel-eslint": "^10.1.0",
      "babel-plugin-import": "^1.13.0",
      "eslint": "^6.7.2",
      "eslint-plugin-vue": "^6.2.2",
      "fs": "0.0.1-security",
      "less": "^3.11.1",
      "less-loader": "^5.0.0",
      "postcss-plugin-px2rem": "^0.8.1",
      "vue-template-compiler": "^2.6.11"
    },
    "eslintConfig": {
      "root": true,
      "env": {
        "node": true
      },
      "extends": [
        "plugin:vue/essential",
        "eslint:recommended"
      ],
      "parserOptions": {
        "parser": "babel-eslint"
      },
      "rules": {}
    },
    "browserslist": [
      "> 1%",
      "last 2 versions",
      "not dead"
    ]
  }

yarn manifest: 
  No manifest

Lockfile: 
  No lockfile
